Arguments: 
  /usr/local/bin/node /home/ovollov0/.yarn/bin/yarn.js

PATH: 
  /home/ovollov0/.yarn/bin:/home/ovollov0/.config/yarn/global/node_modules/.bin:/home/ovollov0/.local/bin:/home/ovollov0/.yarn/bin:/home/ovollov0/.config/yarn/global/node_modules/.bin:/home/ovollov0/.local/bin:/usr/local/sbin:/usr/local/bin:/usr/sbin:/usr/bin:/sbin:/bin:/usr/games:/usr/local/games:/snap/bin:/snap/bin:/usr/local/go/bin:/usr/local/go/bin

Yarn version: 
  1.22.19

Node version: 
  16.15.0

Platform: 
  linux x64

Trace: 
  Error: https://registry.npmjs.org/@webrtc%2fcommon: Not found
      at Request.params.callback [as _callback] (/home/ovollov0/.yarn/lib/cli.js:66145:18)
      at Request.self.callback (/home/ovollov0/.yarn/lib/cli.js:140890:22)
      at Request.emit (node:events:527:28)
      at Request.<anonymous> (/home/ovollov0/.yarn/lib/cli.js:141862:10)
      at Request.emit (node:events:527:28)
      at IncomingMessage.<anonymous> (/home/ovollov0/.yarn/lib/cli.js:141784:12)
      at Object.onceWrapper (node:events:641:28)
      at IncomingMessage.emit (node:events:539:35)
      at endReadableNT (node:internal/streams/readable:1345:12)
      at processTicksAndRejections (node:internal/process/task_queues:83:21)

npm manifest: 
  {
    "name": "signal-server",
    "version": "1.0.0",
    "description": "this is signal server that help before peer connected",
    "main": "src/index.ts",
    "repository": "https://github.com/0vollov0/webrtc",
    "author": "0vollov0",
    "license": "MIT",
    "private": true,
    "scripts": {
      "dev": "ts-node src/index.ts",
      "build": "tsc --build",
      "start": "node buid/index.js"
    },
    "dependencies": {
      "js-base64": "^3.7.3",
      "ws": "^8.11.0",
      "@webrtc/common": "1.0.0"
    },
    "devDependencies": {
      "@types/ws": "^8.5.3"
    }
  }

yarn manifest: 
  No manifest

Lockfile: 
  # THIS IS AN AUTOGENERATED FILE. DO NOT EDIT THIS FILE DIRECTLY.
  # yarn lockfile v1
  
  
  "@types/node@*":
    version "18.11.9"
    resolved "https://registry.yarnpkg.com/@types/node/-/node-18.11.9.tgz#02d013de7058cea16d36168ef2fc653464cfbad4"
    integrity sha512-CRpX21/kGdzjOpFsZSkcrXMGIBWMGNIHXXBVFSH+ggkftxg+XYP20TESbh+zFvFj3EQOl5byk0HTRn1IL6hbqg==
  
  "@types/ws@^8.5.3":
    version "8.5.3"
    resolved "https://registry.yarnpkg.com/@types/ws/-/ws-8.5.3.tgz#7d25a1ffbecd3c4f2d35068d0b283c037003274d"
    integrity sha512-6YOoWjruKj1uLf3INHH7D3qTXwFfEsg1kf3c0uDdSBJwfa/llkwIjrAGV7j7mVgGNbzTQ3HiHKKDXl6bJPD97w==
    dependencies:
      "@types/node" "*"
  
  js-base64@^3.7.3:
    version "3.7.3"
    resolved "https://registry.yarnpkg.com/js-base64/-/js-base64-3.7.3.tgz#2e784bb0851636bf1e99ef12e4f3a8a8c9b7639f"
    integrity sha512-PAr6Xg2jvd7MCR6Ld9Jg3BmTcjYsHEBx1VlwEwULb/qowPf5VD9kEMagj23Gm7JRnSvE/Da/57nChZjnvL8v6A==
  
  ws@^8.11.0:
    version "8.11.0"
    resolved "https://registry.yarnpkg.com/ws/-/ws-8.11.0.tgz#6a0d36b8edfd9f96d8b25683db2f8d7de6e8e143"
    integrity sha512-HPG3wQd9sNQoT9xHyNCXoDUa+Xw/VevmY9FoHyQ+g+rrMn4j6FB4np7Z0OhdTgjx6MgQLK7jwSy1YecU1+4Asg==
